<?xml version="1.0" encoding="UTF-8"?>
<testng-results total="1" passed="0" failed="1" skipped="0">
  <reporter-output>
  </reporter-output>
  <suite started-at="2023-03-01T01:47:28Z" name="RegressionSuite" finished-at="2023-03-01T01:50:43Z" duration-ms="195555">
    <groups>
    </groups>
    <test started-at="2023-03-01T01:47:28Z" name="BasicHomeFlow" finished-at="2023-03-01T01:50:43Z" duration-ms="195555">
      <class name="com.DECL.Individual.testScripts.BasicHome">
        <test-method is-config="true" signature="generateExtentReport()[pri:0, instance:com.DECL.Individual.testScripts.BasicHome@3af9c5b7]" started-at="2023-03-01T07:17:27Z" name="generateExtentReport" finished-at="2023-03-01T07:17:28Z" duration-ms="230" status="PASS">
          <reporter-output>
          </reporter-output>
        </test-method> <!-- generateExtentReport -->
        <test-method is-config="true" signature="setup(java.lang.reflect.Method)[pri:0, instance:com.DECL.Individual.testScripts.BasicHome@3af9c5b7]" started-at="2023-03-01T07:17:28Z" name="setup" finished-at="2023-03-01T07:17:39Z" duration-ms="11535" status="PASS">
          <params>
            <param index="0">
              <value>
                <![CDATA[public void com.DECL.Individual.testScripts.BasicHome.basicFlow(int) throws java.lang.Exception]]>
              </value>
            </param>
          </params>
          <reporter-output>
          </reporter-output>
        </test-method> <!-- setup -->
        <test-method signature="basicFlow(int)[pri:0, instance:com.DECL.Individual.testScripts.BasicHome@3af9c5b7]" started-at="2023-03-01T07:17:39Z" name="basicFlow" finished-at="2023-03-01T07:20:42Z" duration-ms="183106" status="FAIL">
          <params>
            <param index="0">
              <value>
                <![CDATA[2]]>
              </value>
            </param>
          </params>
          <exception class="org.openqa.selenium.support.ui.UnexpectedTagNameException">
            <message>
              <![CDATA[Element should have been "select" but was "input"
Build info: version: '3.7.1', revision: '8a0099a', time: '2017-11-06T21:01:39.354Z'
System info: host: 'USBLRMVEERAMAN1', ip: '192.168.103.134', os.name: 'Windows 10', os.arch: 'amd64', os.version: '10.0', java.version: '17.0.1'
Driver info: driver.version: unknown]]>
            </message>
            <full-stacktrace>
              <![CDATA[org.openqa.selenium.support.ui.UnexpectedTagNameException: Element should have been "select" but was "input"
Build info: version: '3.7.1', revision: '8a0099a', time: '2017-11-06T21:01:39.354Z'
System info: host: 'USBLRMVEERAMAN1', ip: '192.168.103.134', os.name: 'Windows 10', os.arch: 'amd64', os.version: '10.0', java.version: '17.0.1'
Driver info: driver.version: unknown
	at org.openqa.selenium.support.ui.Select.<init>(Select.java:47)
	at com.DECL.commonPages.ApplicationCommonFunctions.selectFieldByText(ApplicationCommonFunctions.java:288)
	at com.DECL.Individual.testScripts.BasicHome.basicFlow(BasicHome.java:459)
	at java.base/jdk.internal.reflect.NativeMethodAccessorImpl.invoke0(Native Method)
	at java.base/jdk.internal.reflect.NativeMethodAccessorImpl.invoke(NativeMethodAccessorImpl.java:77)
	at java.base/jdk.internal.reflect.DelegatingMethodAccessorImpl.invoke(DelegatingMethodAccessorImpl.java:43)
	at java.base/java.lang.reflect.Method.invoke(Method.java:568)
	at org.testng.internal.MethodInvocationHelper.invokeMethod(MethodInvocationHelper.java:85)
	at org.testng.internal.Invoker.invokeMethod(Invoker.java:639)
	at org.testng.internal.Invoker.invokeTestMethod(Invoker.java:816)
	at org.testng.internal.Invoker.invokeTestMethods(Invoker.java:1124)
	at org.testng.internal.TestMethodWorker.invokeTestMethods(TestMethodWorker.java:125)
	at org.testng.internal.TestMethodWorker.run(TestMethodWorker.java:108)
	at java.base/java.util.concurrent.ThreadPoolExecutor.runWorker(ThreadPoolExecutor.java:1136)
	at java.base/java.util.concurrent.ThreadPoolExecutor$Worker.run(ThreadPoolExecutor.java:635)
	at java.base/java.lang.Thread.run(Thread.java:833)
]]>
            </full-stacktrace>
          </exception> <!-- org.openqa.selenium.support.ui.UnexpectedTagNameException -->
          <reporter-output>
          </reporter-output>
        </test-method> <!-- basicFlow -->
        <test-method is-config="true" signature="tearDown()[pri:0, instance:com.DECL.Individual.testScripts.BasicHome@3af9c5b7]" started-at="2023-03-01T07:20:42Z" name="tearDown" finished-at="2023-03-01T07:20:43Z" duration-ms="638" status="PASS">
          <reporter-output>
          </reporter-output>
        </test-method> <!-- tearDown -->
      </class> <!-- com.DECL.Individual.testScripts.BasicHome -->
    </test> <!-- BasicHomeFlow -->
  </suite> <!-- RegressionSuite -->
</testng-results>
